<?xml version="1.0" encoding="UTF-8"?>
<!-- Generated by org.testng.reporters.JUnitReportReporter -->
<testsuite hostname="GauravAhuja" failures="0" tests="1" name="TestCasePackage.NaukriRegistration" time="12.033" errors="0" timestamp="2023-12-02T17:22:33 IST" skipped="0">
  <testcase classname="TestCasePackage.NaukriRegistration" name="carrerRegistration" time="12.033"/>
  <system-out/>
</testsuite> <!-- TestCasePackage.NaukriRegistration -->
