<?xml version="1.0" encoding="UTF-8"?>
<!-- Generated by org.testng.reporters.JUnitReportReporter -->
<testsuite hostname="GauravAhuja" failures="0" tests="4" name="TestCasePackage.NaukriRegistration" time="13.419" errors="0" timestamp="2023-12-03T18:28:13 IST" skipped="0">
  <testcase classname="TestCasePackage.NaukriRegistration" name="logoVerified" time="9.585"/>
  <system-out/>
  <testcase classname="TestCasePackage.NaukriRegistration" name="carrerRegis" time="1.747"/>
  <system-out/>
  <testcase classname="TestCasePackage.NaukriRegistration" name="carrerRegis" time="1.060"/>
  <system-out/>
  <testcase classname="TestCasePackage.NaukriRegistration" name="carrerRegis" time="1.027"/>
  <system-out/>
</testsuite> <!-- TestCasePackage.NaukriRegistration -->
